#
# There is insufficient memory for the Java Runtime Environment to continue.
# Native memory allocation (mmap) failed to map 266338304 bytes for G1 virtual space
# Possible reasons:
#   The system is out of physical RAM or swap space
#   The process is running with CompressedOops enabled, and the Java Heap may be blocking the growth of the native heap
# Possible solutions:
#   Reduce memory load on the system
#   Increase physical memory or swap space
#   Check if swap backing store is full
#   Decrease Java heap size (-Xmx/-Xms)
#   Decrease number of Java threads
#   Decrease Java thread stack sizes (-Xss)
#   Set larger code cache with -XX:ReservedCodeCacheSize=
#   JVM is running with Zero Based Compressed Oops mode in which the Java heap is
#     placed in the first 32GB address space. The Java Heap base address is the
#     maximum limit for the native heap growth. Please use -XX:HeapBaseMinAddress
#     to set the Java Heap base and to place the Java Heap above 32GB virtual address.
# This output file may be truncated or incomplete.
#
#  Out of Memory Error (os_windows.cpp:3559), pid=3396, tid=16172
#
# JRE version:  (17.0.7+7) (build )
# Java VM: OpenJDK 64-Bit Server VM (17.0.7+7, mixed mode, sharing, tiered, compressed oops, compressed class ptrs, g1 gc, windows-amd64)
# No core dump will be written. Minidumps are not enabled by default on client versions of Windows
#

---------------  S U M M A R Y ------------

Command Line: -Dfile.encoding=UTF-8 -Dclojure.compile.path=C:\Users\adrhe\MetodosComputacionales\WarehouseSimulation\warehouse-simulation/target/classes -Dleiningen.original.pwd=C:\Users\adrhe\MetodosComputacionales\WarehouseSimulation\warehouse-simulation clojure.main -m leiningen.core.main javac

Host: Intel(R) Core(TM) i7-9750H CPU @ 2.60GHz, 12 cores, 15G,  Windows 11 , 64 bit Build 22000 (10.0.22000.1880)
Time: Tue Jun  6 19:41:17 2023 Hora estándar central (México) elapsed time: 0.013275 seconds (0d 0h 0m 0s)

---------------  T H R E A D  ---------------

Current thread (0x00000266dd2c6a40):  JavaThread "Unknown thread" [_thread_in_vm, id=16172, stack(0x0000007837f00000,0x0000007838000000)]

Stack: [0x0000007837f00000,0x0000007838000000]
Native frames: (J=compiled Java code, j=interpreted, Vv=VM code, C=native code)
V  [jvm.dll+0x67754a]
V  [jvm.dll+0x834304]
V  [jvm.dll+0x835aae]
V  [jvm.dll+0x836113]
V  [jvm.dll+0x24696f]
V  [jvm.dll+0x6743f9]
V  [jvm.dll+0x668c8a]
V  [jvm.dll+0x3061bb]
V  [jvm.dll+0x30d6a6]
V  [jvm.dll+0x35cece]
V  [jvm.dll+0x35d0ff]
V  [jvm.dll+0x2dd048]
V  [jvm.dll+0x2ddfb4]
V  [jvm.dll+0x8066d1]
V  [jvm.dll+0x36ac91]
V  [jvm.dll+0x7e5cec]
V  [jvm.dll+0x3ed56f]
V  [jvm.dll+0x3ef0a1]
C  [jli.dll+0x528b]
C  [ucrtbase.dll+0x26c0c]
C  [KERNEL32.DLL+0x155a0]
C  [ntdll.dll+0x485b]


---------------  P R O C E S S  ---------------

Threads class SMR info:
_java_thread_list=0x00007ffd07d67018, length=0, elements={
}

Java Threads: ( => current thread )

Other Threads:
  0x00000266dd3334a0 GCTaskThread "GC Thread#0" [stack: 0x0000007838000000,0x0000007838100000] [id=18736]
  0x00000266dd344300 ConcurrentGCThread "G1 Main Marker" [stack: 0x0000007838100000,0x0000007838200000] [id=19360]
  0x00000266dd3454b0 ConcurrentGCThread "G1 Conc#0" [stack: 0x0000007838200000,0x0000007838300000] [id=24920]

[error occurred during error reporting (printing all threads), id 0xc0000005, EXCEPTION_ACCESS_VIOLATION (0xc0000005) at pc=0x00007ffd0753daf7]

VM state: not at safepoint (not fully initialized)

VM Mutex/Monitor currently owned by a thread:  ([mutex/lock_event])
[0x00000266dd2c2830] Heap_lock - owner thread: 0x00000266dd2c6a40

Heap address: 0x0000000702400000, size: 4060 MB, Compressed Oops mode: Zero based, Oop shift amount: 3

CDS archive(s) mapped at: [0x0000000000000000-0x0000000000000000-0x0000000000000000), size 0, SharedBaseAddress: 0x0000000800000000, ArchiveRelocationMode: 0.
Narrow klass base: 0x0000000000000000, Narrow klass shift: 0, Narrow klass range: 0x0

GC Precious Log:
<Empty>

Heap:
 garbage-first heap   total 0K, used 0K [0x0000000702400000, 0x0000000800000000)
  region size 2048K, 0 young (0K), 0 survivors (0K)

[error occurred during error reporting (printing heap information), id 0xc0000005, EXCEPTION_ACCESS_VIOLATION (0xc0000005) at pc=0x00007ffd07920db9]

GC Heap History (0 events):
No events

Dll operation events (1 events):
Event: 0.008 Loaded shared library C:\Program Files\Eclipse Adoptium\jdk-17.0.7.7-hotspot\bin\java.dll

Deoptimization events (0 events):
No events

Classes unloaded (0 events):
No events

Classes redefined (0 events):
No events

Internal exceptions (0 events):
No events

VM Operations (0 events):
No events

Events (0 events):
No events


Dynamic libraries:
0x00007ff67d460000 - 0x00007ff67d46e000 	C:\Program Files\Eclipse Adoptium\jdk-17.0.7.7-hotspot\bin\java.exe
0x00007ffd5a680000 - 0x00007ffd5a889000 	C:\WINDOWS\SYSTEM32\ntdll.dll
0x00007ffd5a1d0000 - 0x00007ffd5a28e000 	C:\WINDOWS\System32\KERNEL32.DLL
0x00007ffd57f80000 - 0x00007ffd58304000 	C:\WINDOWS\System32\KERNELBASE.dll
0x00007ffd57d20000 - 0x00007ffd57e31000 	C:\WINDOWS\System32\ucrtbase.dll
0x00007ffd43370000 - 0x00007ffd43387000 	C:\Program Files\Eclipse Adoptium\jdk-17.0.7.7-hotspot\bin\jli.dll
0x00007ffd41a30000 - 0x00007ffd41a49000 	C:\Program Files\Eclipse Adoptium\jdk-17.0.7.7-hotspot\bin\VCRUNTIME140.dll
0x00007ffd59f20000 - 0x00007ffd5a0cd000 	C:\WINDOWS\System32\USER32.dll
0x00007ffd57cf0000 - 0x00007ffd57d16000 	C:\WINDOWS\System32\win32u.dll
0x00007ffd38010000 - 0x00007ffd382b5000 	C:\WINDOWS\WinSxS\amd64_microsoft.windows.common-controls_6595b64144ccf1df_6.0.22000.120_none_9d947278b86cc467\COMCTL32.dll
0x00007ffd5a510000 - 0x00007ffd5a5b3000 	C:\WINDOWS\System32\msvcrt.dll
0x00007ffd5a0d0000 - 0x00007ffd5a0fa000 	C:\WINDOWS\System32\GDI32.dll
0x00007ffd57bd0000 - 0x00007ffd57cef000 	C:\WINDOWS\System32\gdi32full.dll
0x00007ffd57b30000 - 0x00007ffd57bcd000 	C:\WINDOWS\System32\msvcp_win.dll
0x00007ffd59800000 - 0x00007ffd59831000 	C:\WINDOWS\System32\IMM32.DLL
0x00007ffd52900000 - 0x00007ffd5290c000 	C:\Program Files\Eclipse Adoptium\jdk-17.0.7.7-hotspot\bin\vcruntime140_1.dll
0x00007ffd33600000 - 0x00007ffd33691000 	C:\Program Files\Eclipse Adoptium\jdk-17.0.7.7-hotspot\bin\msvcp140.dll
0x00007ffd07250000 - 0x00007ffd07e98000 	C:\Program Files\Eclipse Adoptium\jdk-17.0.7.7-hotspot\bin\server\jvm.dll
0x00007ffd59a60000 - 0x00007ffd59b0f000 	C:\WINDOWS\System32\ADVAPI32.dll
0x00007ffd5a450000 - 0x00007ffd5a4ee000 	C:\WINDOWS\System32\sechost.dll
0x00007ffd58cd0000 - 0x00007ffd58df1000 	C:\WINDOWS\System32\RPCRT4.dll
0x00007ffd36590000 - 0x00007ffd36599000 	C:\WINDOWS\SYSTEM32\WSOCK32.dll
0x00007ffd51410000 - 0x00007ffd5141a000 	C:\WINDOWS\SYSTEM32\VERSION.dll
0x00007ffd43890000 - 0x00007ffd438c3000 	C:\WINDOWS\SYSTEM32\WINMM.dll
0x00007ffd58b70000 - 0x00007ffd58bdf000 	C:\WINDOWS\System32\WS2_32.dll
0x00007ffd56b70000 - 0x00007ffd56b88000 	C:\WINDOWS\SYSTEM32\kernel.appcore.dll
0x00007ffd47730000 - 0x00007ffd4773a000 	C:\Program Files\Eclipse Adoptium\jdk-17.0.7.7-hotspot\bin\jimage.dll
0x00007ffd555f0000 - 0x00007ffd55811000 	C:\WINDOWS\SYSTEM32\DBGHELP.DLL
0x00007ffd37fd0000 - 0x00007ffd38001000 	C:\WINDOWS\SYSTEM32\dbgcore.DLL
0x00007ffd57f00000 - 0x00007ffd57f7f000 	C:\WINDOWS\System32\bcryptPrimitives.dll
0x00007ffd37a30000 - 0x00007ffd37a55000 	C:\Program Files\Eclipse Adoptium\jdk-17.0.7.7-hotspot\bin\java.dll

dbghelp: loaded successfully - version: 4.0.5 - missing functions: none
symbol engine: initialized successfully - sym options: 0x614 - pdb path: .;C:\Program Files\Eclipse Adoptium\jdk-17.0.7.7-hotspot\bin;C:\WINDOWS\SYSTEM32;C:\WINDOWS\WinSxS\amd64_microsoft.windows.common-controls_6595b64144ccf1df_6.0.22000.120_none_9d947278b86cc467;C:\Program Files\Eclipse Adoptium\jdk-17.0.7.7-hotspot\bin\server

VM Arguments:
jvm_args: -Dfile.encoding=UTF-8 -Dclojure.compile.path=C:\Users\adrhe\MetodosComputacionales\WarehouseSimulation\warehouse-simulation/target/classes -Dleiningen.original.pwd=C:\Users\adrhe\MetodosComputacionales\WarehouseSimulation\warehouse-simulation 
java_command: clojure.main -m leiningen.core.main javac
java_class_path (initial): C:\Users\adrhe\.lein\self-installs\leiningen-2.10.0-standalone.jar
Launcher Type: SUN_STANDARD

[Global flags]
     intx CICompilerCount                          = 4                                         {product} {ergonomic}
     uint ConcGCThreads                            = 3                                         {product} {ergonomic}
     uint G1ConcRefinementThreads                  = 10                                        {product} {ergonomic}
   size_t G1HeapRegionSize                         = 2097152                                   {product} {ergonomic}
    uintx GCDrainStackTargetSize                   = 64                                        {product} {ergonomic}
   size_t InitialHeapSize                          = 266338304                                 {product} {ergonomic}
   size_t MarkStackSize                            = 4194304                                   {product} {ergonomic}
   size_t MaxHeapSize                              = 4257218560                                {product} {ergonomic}
   size_t MinHeapDeltaBytes                        = 2097152                                   {product} {ergonomic}
   size_t MinHeapSize                              = 8388608                                   {product} {ergonomic}
    uintx NonNMethodCodeHeapSize                   = 5839372                                {pd product} {ergonomic}
    uintx NonProfiledCodeHeapSize                  = 122909434                              {pd product} {ergonomic}
    uintx ProfiledCodeHeapSize                     = 122909434                              {pd product} {ergonomic}
    uintx ReservedCodeCacheSize                    = 251658240                              {pd product} {ergonomic}
     bool SegmentedCodeCache                       = true                                      {product} {ergonomic}
   size_t SoftMaxHeapSize                          = 4257218560                             {manageable} {ergonomic}
     bool UseCompressedClassPointers               = true                           {product lp64_product} {ergonomic}
     bool UseCompressedOops                        = true                           {product lp64_product} {ergonomic}
     bool UseG1GC                                  = true                                      {product} {ergonomic}
     bool UseLargePagesIndividualAllocation        = false                                  {pd product} {ergonomic}

Logging:
Log output configuration:
 #0: stdout all=warning uptime,level,tags
 #1: stderr all=off uptime,level,tags

Environment Variables:
JAVA_HOME=C:\Program Files\Eclipse Adoptium\jdk-17.0.7.7-hotspot\
CLASSPATH=C:\Users\adrhe\.lein\self-installs\leiningen-2.10.0-standalone.jar
PATH=C:\Users\adrhe\Dropbox\Mi PC (LAPTOP-BAVC5R5S)\Documents\WindowsPowerShell\Modules\oh-my-posh;C:\Program Files\Eclipse Adoptium\jdk-17.0.7.7-hotspot\bin;C:\Program Files\National Instruments\Shared\OpenVINO\;C:\Program Files\NVIDIA GPU Computing Toolkit\CUDA\v10.1\bin;C:\Program Files\NVIDIA GPU Computing Toolkit\CUDA\v10.1\libnvvp;C:\Windows\system32;C:\Windows;C:\Windows\System32\Wbem;C:\Windows\System32\WindowsPowerShell\v1.0\;C:\Windows\System32\OpenSSH\;C:\Program Files\NVIDIA Corporation\NVIDIA NvDLISR;C:\Program Files\Intel\WiFi\bin\;C:\Program Files\Common Files\Intel\WirelessCommon\;C:\Program Files\PuTTY\;C:\Users\Public\frc2019\roborio\bin;C:\Users\Public\frc2019\frccode;C:\Program Files\NVIDIA Corporation\Nsight Compute 2019.4.0\;C:\Program Files\Microsoft SQL Server\Client SDK\ODBC\110\Tools\Binn\;C:\Program Files (x86)\Microsoft SQL Server\120\Tools\Binn\;C:\Program Files\Microsoft SQL Server\120\Tools\Binn\;C:\Program Files\Microsoft SQL Server\120\DTS\Binn\;C:\Program Files (x86)\Windows Kits\8.1\Windows Performance Toolkit\;C:\Users\Public\wpilib\2020\roborio\bin;C:\Users\Public\wpilib\2020\frccode;C:\WINDOWS\system32;C:\WINDOWS;C:\WINDOWS\System32\Wbem;C:\WINDOWS\System32\WindowsPowerShell\v1.0\;C:\WINDOWS\System32\OpenSSH\;C:\Users\adrhe\AppData\Local\Programs\Python\Python37\Scripts;C:\Users\adrhe\AppData\Local\Programs\Python\Python37\;C:\ProgramData\chocolatey\bin;C:\Program Files\CMake\bin;C:\Program Files\Microsoft SQL Server\130\Tools\Binn\;C:\Program Files\Microsoft SQL Server\Client SDK\ODBC\170\Tools\Binn\;C:\Program Files\dotnet\;C:\Users\adrhe\AppData\Roaming\nvm;C:\Program Files\nodejs;C:\Program Files\Git\cmd;C:\Program Files\Microsoft SQL Server\150\Tools\Binn\;C:\Program Files (x86)\Microsoft SQL Server\160\Tools\Binn\;C:\Program Files\Microsoft SQL Server\160\Tools\Binn\;C:\Program Files\Microsoft SQL Server\160\DTS\Binn\;C:\Program Files\Azure Data Studio\bin;C:\Program Files (x86)\Microsoft SQL Server\160\DTS\Binn\;C:\Program F
USERNAME=adrhe
OS=Windows_NT
PROCESSOR_IDENTIFIER=Intel64 Family 6 Model 158 Stepping 10, GenuineIntel
TMP=C:\Users\adrhe\AppData\Local\Temp
TEMP=C:\Users\adrhe\AppData\Local\Temp



---------------  S Y S T E M  ---------------

OS:
 Windows 11 , 64 bit Build 22000 (10.0.22000.1880)
OS uptime: 0 days 4:56 hours
Hyper-V role detected

CPU: total 12 (initial active 12) (6 cores per cpu, 2 threads per core) family 6 model 158 stepping 10 microcode 0xde, cx8, cmov, fxsr, ht, mmx, 3dnowpref, sse, sse2, sse3, ssse3, sse4.1, sse4.2, popcnt, lzcnt, tsc, tscinvbit, avx, avx2, aes, erms, clmul, bmi1, bmi2, adx, fma, vzeroupper, clflush, clflushopt, hv

Memory: 4k page, system-wide physical 16235M (4121M free)
TotalPageFile size 16235M (AvailPageFile size 120M)
current process WorkingSet (physical memory assigned to process): 10M, peak: 10M
current process commit charge ("private bytes"): 64M, peak: 318M

vm_info: OpenJDK 64-Bit Server VM (17.0.7+7) for windows-amd64 JRE (17.0.7+7), built on Apr 18 2023 22:10:42 by "temurin" with MS VC++ 16.7 (VS2019)

END.
